<?xml version="1.0" encoding="UTF-8"?>
<testsuite name="CinemaTests" tests="1" skipped="0" failures="0" errors="0" timestamp="2022-09-22T10:48:49" hostname="HGVFBK3" time="3.227">
  <properties/>
  <testcase name="start" classname="CinemaTests" time="3.227"/>
  <system-out><![CDATA[?[1;31m
Start test 1?[0m

  .   ____          _            __ _ _
 /\\ / ___'_ __ _ _(_)_ __  __ _ \ \ \ \
( ( )\___ | '_ | '_| | '_ \/ _` | \ \ \ \
 \\/  ___)| |_)| | | | | || (_| |  ) ) ) )
  '  |____| .__|_| |_|_| |_\__, | / / / /
 =========|_|==============|___/=/_/_/_/
 :: Spring Boot ::                (v2.5.6)

2022-09-22 12:48:50.120  INFO 19008 --- [    Test worker] cinema.Main                              : Starting Main using Java 17.0.3 on HGVFBK3 with PID 19008 (started by dkozlow in C:\Projects\Cinema Room REST Service\Cinema Room REST Service\task)
2022-09-22 12:48:50.122  INFO 19008 --- [    Test worker] cinema.Main                              : No active profile set, falling back to default profiles: default
2022-09-22 12:48:51.351  INFO 19008 --- [    Test worker] o.s.b.w.embedded.tomcat.TomcatWebServer  : Tomcat initialized with port(s): 28852 (http)
2022-09-22 12:48:51.364  INFO 19008 --- [    Test worker] o.apache.catalina.core.StandardService   : Starting service [Tomcat]
2022-09-22 12:48:51.365  INFO 19008 --- [    Test worker] org.apache.catalina.core.StandardEngine  : Starting Servlet engine: [Apache Tomcat/9.0.54]
2022-09-22 12:48:51.449  INFO 19008 --- [    Test worker] o.a.c.c.C.[Tomcat].[localhost].[/]       : Initializing Spring embedded WebApplicationContext
2022-09-22 12:48:51.449  INFO 19008 --- [    Test worker] w.s.c.ServletWebServerApplicationContext : Root WebApplicationContext: initialization completed in 1272 ms
2022-09-22 12:48:52.097  INFO 19008 --- [    Test worker] o.s.b.a.e.web.EndpointLinksResolver      : Exposing 14 endpoint(s) beneath base path '/actuator'
2022-09-22 12:48:52.141  INFO 19008 --- [    Test worker] o.s.b.w.embedded.tomcat.TomcatWebServer  : Tomcat started on port(s): 28852 (http) with context path ''
2022-09-22 12:48:52.156  INFO 19008 --- [    Test worker] cinema.Main                              : Started Main in 2.391 seconds (JVM running for 3.163)
2022-09-22 12:48:52.489  INFO 19008 --- [io-28852-exec-1] o.a.c.c.C.[Tomcat].[localhost].[/]       : Initializing Spring DispatcherServlet 'dispatcherServlet'
2022-09-22 12:48:52.490  INFO 19008 --- [io-28852-exec-1] o.s.web.servlet.DispatcherServlet        : Initializing Servlet 'dispatcherServlet'
2022-09-22 12:48:52.491  INFO 19008 --- [io-28852-exec-1] o.s.web.servlet.DispatcherServlet        : Completed initialization in 1 ms
?[1;31m
Start test 2?[0m
?[1;31m
Start test 3?[0m
?[1;31m
Start test 4?[0m
?[1;31m
Start test 5?[0m
?[1;31m
Start test 6?[0m
?[1;31m
Start test 7?[0m
2022-09-22 12:48:52.723  INFO 19008 --- [io-28852-exec-4] cinema.controler.CinemaRoomController    : stats with password = Optional.empty
?[1;31m
Start test 8?[0m
2022-09-22 12:48:52.732  INFO 19008 --- [io-28852-exec-6] cinema.controler.CinemaRoomController    : stats with password = Optional[super_secret]
?[1;31m
Start test 9?[0m
?[1;31m
Start test 10?[0m
2022-09-22 12:48:52.747  INFO 19008 --- [io-28852-exec-8] cinema.controler.CinemaRoomController    : stats with password = Optional[super_secret]
?[1;31m
Start test 11?[0m
?[1;31m
Start test 12?[0m
2022-09-22 12:48:52.760  INFO 19008 --- [io-28852-exec-9] cinema.controler.CinemaRoomController    : stats with password = Optional[super_secret]
]]></system-out>
  <system-err><![CDATA[]]></system-err>
</testsuite>
